<?xml version="1.0" encoding="UTF-8"?>
<testng-results skipped="0" failed="0" ignored="0" total="1" passed="1">
  <reporter-output>
  </reporter-output>
  <suite name="Suite" duration-ms="12481" started-at="2019-01-24T14:48:38Z" finished-at="2019-01-24T14:48:50Z">
    <groups>
    </groups>
    <test name="Test" duration-ms="12481" started-at="2019-01-24T14:48:38Z" finished-at="2019-01-24T14:48:50Z">
      <class name="testcases.TC_001">
        <test-method status="PASS" signature="tc001()[pri:0, instance:testcases.TC_001@457e2f02]" name="tc001" duration-ms="12414" started-at="2019-01-24T14:48:38Z" finished-at="2019-01-24T14:48:50Z">
          <reporter-output>
          </reporter-output>
        </test-method> <!-- tc001 -->
      </class> <!-- testcases.TC_001 -->
    </test> <!-- Test -->
  </suite> <!-- Suite -->
</testng-results>
